<?xml version="1.0" encoding="UTF-8"?>
<testsuite xmlns:xsi="http://www.w3.org/2001/XMLSchema-instance" xsi:noNamespaceSchemaLocation="https://maven.apache.org/surefire/maven-surefire-plugin/xsd/surefire-test-report-3.0.xsd" version="3.0" name="jtasktracker.APIJSONTest" time="0.202" tests="20" errors="0" skipped="0" failures="0">
  <properties>
    <property name="java.specification.version" value="21"/>
    <property name="sun.jnu.encoding" value="UTF-8"/>
    <property name="java.class.path" value="/home/yumerth-mijail/NetBeansProjects/JTaskTracker/target/test-classes:/home/yumerth-mijail/NetBeansProjects/JTaskTracker/target/classes:/home/yumerth-mijail/.m2/repository/org/junit/jupiter/junit-jupiter-api/5.11.4/junit-jupiter-api-5.11.4.jar:/home/yumerth-mijail/.m2/repository/org/opentest4j/opentest4j/1.3.0/opentest4j-1.3.0.jar:/home/yumerth-mijail/.m2/repository/org/junit/platform/junit-platform-commons/1.11.4/junit-platform-commons-1.11.4.jar:/home/yumerth-mijail/.m2/repository/org/apiguardian/apiguardian-api/1.1.2/apiguardian-api-1.1.2.jar:/home/yumerth-mijail/.m2/repository/org/junit/jupiter/junit-jupiter-engine/5.11.4/junit-jupiter-engine-5.11.4.jar:/home/yumerth-mijail/.m2/repository/org/junit/platform/junit-platform-engine/1.11.4/junit-platform-engine-1.11.4.jar:"/>
    <property name="java.vm.vendor" value="Ubuntu"/>
    <property name="sun.arch.data.model" value="64"/>
    <property name="java.vendor.url" value="https://ubuntu.com/"/>
    <property name="user.timezone" value="America/Lima"/>
    <property name="os.name" value="Linux"/>
    <property name="java.vm.specification.version" value="21"/>
    <property name="user.country" value="US"/>
    <property name="sun.java.launcher" value="SUN_STANDARD"/>
    <property name="sun.boot.library.path" value="/usr/lib/jvm/java-21-openjdk-amd64/lib"/>
    <property name="sun.java.command" value="/home/yumerth-mijail/NetBeansProjects/JTaskTracker/target/surefire/surefirebooter-20250202143543221_3.jar /home/yumerth-mijail/NetBeansProjects/JTaskTracker/target/surefire 2025-02-02T14-35-43_101-jvmRun1 surefire-20250202143543221_1tmp surefire_0-20250202143543221_2tmp"/>
    <property name="jdk.debug" value="release"/>
    <property name="surefire.test.class.path" value="/home/yumerth-mijail/NetBeansProjects/JTaskTracker/target/test-classes:/home/yumerth-mijail/NetBeansProjects/JTaskTracker/target/classes:/home/yumerth-mijail/.m2/repository/org/junit/jupiter/junit-jupiter-api/5.11.4/junit-jupiter-api-5.11.4.jar:/home/yumerth-mijail/.m2/repository/org/opentest4j/opentest4j/1.3.0/opentest4j-1.3.0.jar:/home/yumerth-mijail/.m2/repository/org/junit/platform/junit-platform-commons/1.11.4/junit-platform-commons-1.11.4.jar:/home/yumerth-mijail/.m2/repository/org/apiguardian/apiguardian-api/1.1.2/apiguardian-api-1.1.2.jar:/home/yumerth-mijail/.m2/repository/org/junit/jupiter/junit-jupiter-engine/5.11.4/junit-jupiter-engine-5.11.4.jar:/home/yumerth-mijail/.m2/repository/org/junit/platform/junit-platform-engine/1.11.4/junit-platform-engine-1.11.4.jar:"/>
    <property name="sun.cpu.endian" value="little"/>
    <property name="user.home" value="/home/yumerth-mijail"/>
    <property name="user.language" value="en"/>
    <property name="java.specification.vendor" value="Oracle Corporation"/>
    <property name="java.version.date" value="2024-10-15"/>
    <property name="java.home" value="/usr/lib/jvm/java-21-openjdk-amd64"/>
    <property name="file.separator" value="/"/>
    <property name="basedir" value="/home/yumerth-mijail/NetBeansProjects/JTaskTracker"/>
    <property name="java.vm.compressedOopsMode" value="32-bit"/>
    <property name="line.separator" value="&#10;"/>
    <property name="java.specification.name" value="Java Platform API Specification"/>
    <property name="java.vm.specification.vendor" value="Oracle Corporation"/>
    <property name="surefire.real.class.path" value="/home/yumerth-mijail/NetBeansProjects/JTaskTracker/target/surefire/surefirebooter-20250202143543221_3.jar"/>
    <property name="sun.management.compiler" value="HotSpot 64-Bit Tiered Compilers"/>
    <property name="java.runtime.version" value="21.0.5+11-Ubuntu-1ubuntu124.04"/>
    <property name="user.name" value="yumerth-mijail"/>
    <property name="stdout.encoding" value="UTF-8"/>
    <property name="path.separator" value=":"/>
    <property name="os.version" value="6.8.0-49-generic"/>
    <property name="java.runtime.name" value="OpenJDK Runtime Environment"/>
    <property name="file.encoding" value="UTF-8"/>
    <property name="java.vm.name" value="OpenJDK 64-Bit Server VM"/>
    <property name="maven.ext.class.path" value="/opt/netbeans/java/maven-nblib/netbeans-eventspy.jar"/>
    <property name="localRepository" value="/home/yumerth-mijail/.m2/repository"/>
    <property name="java.vendor.url.bug" value="https://bugs.launchpad.net/ubuntu/+source/openjdk-21"/>
    <property name="java.io.tmpdir" value="/tmp"/>
    <property name="java.version" value="21.0.5"/>
    <property name="user.dir" value="/home/yumerth-mijail/NetBeansProjects/JTaskTracker"/>
    <property name="os.arch" value="amd64"/>
    <property name="java.vm.specification.name" value="Java Virtual Machine Specification"/>
    <property name="native.encoding" value="UTF-8"/>
    <property name="java.library.path" value="/usr/java/packages/lib:/usr/lib/x86_64-linux-gnu/jni:/lib/x86_64-linux-gnu:/usr/lib/x86_64-linux-gnu:/usr/lib/jni:/lib:/usr/lib"/>
    <property name="java.vm.info" value="mixed mode, sharing"/>
    <property name="stderr.encoding" value="UTF-8"/>
    <property name="java.vendor" value="Ubuntu"/>
    <property name="java.vm.version" value="21.0.5+11-Ubuntu-1ubuntu124.04"/>
    <property name="sun.io.unicode.encoding" value="UnicodeLittle"/>
    <property name="java.class.version" value="65.0"/>
  </properties>
  <testcase name="testPrepareFormat" classname="jtasktracker.APIJSONTest" time="0.092"/>
  <testcase name="testAddElementToNoEmptyList" classname="jtasktracker.APIJSONTest" time="0.002"/>
  <testcase name="testFailExistTask" classname="jtasktracker.APIJSONTest" time="0.002"/>
  <testcase name="testGetTaskFromList" classname="jtasktracker.APIJSONTest" time="0.002"/>
  <testcase name="testSetUpdatedAtValueInMarkDone" classname="jtasktracker.APIJSONTest" time="0.002"/>
  <testcase name="testUpdateTask" classname="jtasktracker.APIJSONTest" time="0.002"/>
  <testcase name="testWriteJson" classname="jtasktracker.APIJSONTest" time="0.007"/>
  <testcase name="testExistTask" classname="jtasktracker.APIJSONTest" time="0.001"/>
  <testcase name="testAddElementToEmptyList" classname="jtasktracker.APIJSONTest" time="0.002"/>
  <testcase name="testGetList" classname="jtasktracker.APIJSONTest" time="0.004"/>
  <testcase name="testSetUpdatedAtValueInUpdateTask" classname="jtasktracker.APIJSONTest" time="0.002"/>
  <testcase name="testPrepareFormatWithEmptyData" classname="jtasktracker.APIJSONTest" time="0.001"/>
  <testcase name="testGetListEmpty" classname="jtasktracker.APIJSONTest" time="0.001"/>
  <testcase name="testReadJson" classname="jtasktracker.APIJSONTest" time="0.002"/>
  <testcase name="testMarkInProgressTask" classname="jtasktracker.APIJSONTest" time="0.002"/>
  <testcase name="testMarkDoneTask" classname="jtasktracker.APIJSONTest" time="0.002"/>
  <testcase name="testGetAdvancedList" classname="jtasktracker.APIJSONTest" time="0.002"/>
  <testcase name="testInitJson" classname="jtasktracker.APIJSONTest" time="0.002"/>
  <testcase name="testDeleteTask" classname="jtasktracker.APIJSONTest" time="0.001"/>
  <testcase name="testSetUpdatedAtValueInMarkInProgress" classname="jtasktracker.APIJSONTest" time="0.002"/>
</testsuite>